<?xml version="1.0" encoding="UTF-8" ?>
<testsuite tests="32" failures="0" name="CucumberTest" time="0.016" errors="0" skipped="0">
  <properties>
[...]
</properties>
  <testcase classname="Scenario: Registrar un usuario" name="Given Un usuario se registra en el sistema" time="0.004"/>
  <testcase classname="Scenario: Registrar un usuario" name="When Cumple los requisitos" time="0"/>
  <testcase classname="Scenario: Registrar un usuario" name="Then Usuario registrado" time="0"/>
  <testcase classname="Scenario: Registrar un usuario" name="Scenario: Registrar un usuario" time="0.005"/>
  <testcase classname="Scenario: El correo ya existe" name="Given Un usuario ya esta registrado en el sistema" time="0"/>
  <testcase classname="Scenario: El correo ya existe" name="When No Cumple los Requisitos" time="0"/>
  <testcase classname="Scenario: El correo ya existe" name="Then Muestra Mensaje de Error" time="0.001"/>
  <testcase classname="Scenario: El correo ya existe" name="Scenario: El correo ya existe" time="0.001"/>
  <testcase classname="Scenario: Requisitos de Clave" name="Given Un usuario se va a registrar en el sistema" time="0"/>
  <testcase classname="Scenario: Requisitos de Clave" name="When No Cumple los Requisitos de la clave" time="0"/>
  <testcase classname="Scenario: Requisitos de Clave" name="Then Muestra Mensaje de Error de la clave" time="0"/>
  <testcase classname="Scenario: Requisitos de Clave" name="Scenario: Requisitos de Clave" time="0"/>
  <testcase classname="Scenario: Usuario Registrado" name="Given El usuario accede al sistema" time="0"/>
  <testcase classname="Scenario: Usuario Registrado" name="When Coincide email y password" time="0"/>
  <testcase classname="Scenario: Usuario Registrado" name="Then Accedera al sistema" time="0"/>
  <testcase classname="Scenario: Usuario Registrado" name="Scenario: Usuario Registrado" time="0"/>
  <testcase classname="Scenario: Usuario no Registrado" name="Given El usuario va a acceder al sistema" time="0"/>
  <testcase classname="Scenario: Usuario no Registrado" name="When No esta registrado" time="0"/>
  <testcase classname="Scenario: Usuario no Registrado" name="Then Mostrara mensaje de error" time="0"/>
  <testcase classname="Scenario: Usuario no Registrado" name="Scenario: Usuario no Registrado" time="0.001"/>
  <testcase classname="Scenario: Password incorrecto" name="Given El usuario quiere acceder al sistema" time="0"/>
  <testcase classname="Scenario: Password incorrecto" name="When No coincide la password del usuario" time="0"/>
  <testcase classname="Scenario: Password incorrecto" name="Then Mostrara mensaje de error" time="0"/>
  <testcase classname="Scenario: Password incorrecto" name="Scenario: Password incorrecto" time="0"/>
  <testcase classname="Scenario: Actualizar Datos" name="Given El usuario esta dentro del sistema" time="0"/>
  <testcase classname="Scenario: Actualizar Datos" name="When Quiere cambiar la clave" time="0"/>
  <testcase classname="Scenario: Actualizar Datos" name="Then La clave se cambia" time="0"/>
  <testcase classname="Scenario: Actualizar Datos" name="Scenario: Actualizar Datos" time="0"/>
  <testcase classname="Scenario: Eliminar Cuenta" name="Given El usuario se encuentra dentro del sistema" time="0"/>
  <testcase classname="Scenario: Eliminar Cuenta" name="When Quiere eliminar la cuenta" time="0"/>
  <testcase classname="Scenario: Eliminar Cuenta" name="Then Cuenta eliminada" time="0.002"/>
  <testcase classname="Scenario: Eliminar Cuenta" name="Scenario: Eliminar Cuenta" time="0.002"/>
</testsuite>